[20:50:19] [main/INFO]: Loading Minecraft 1.21.1 with Fabric Loader 0.16.3
[20:50:19] [ForkJoinPool-1-worker-1/WARN]: The mod "dungeons_arise" contains invalid entries in its mod json:
- Unsupported root entry "credits" at line 12 column 11
[20:50:19] [main/WARN]: Warnings were found!
 - Mod 'Forge Config API Port' (forgeconfigapiport) 21.1.3 recommends any version of modmenu, which is missing!
	 - You should install any version of modmenu for the optimal experience.
[20:50:19] [main/INFO]: Loading 75 mods:
	- architectury 13.0.8
	- artifacts 12.0.6
	   |-- cardinal-components-base 6.1.0
	   |-- cardinal-components-entity 6.1.0
	   |-- com_electronwill_night-config_core 3.8.0
	   |-- com_electronwill_night-config_toml 3.8.0
	   \-- expandability 12.0.0
	- carryon 2.2.2
	- cloth-config 15.0.140
	   \-- cloth-basic-math 0.6.1
	- creeperoverhaul 4.0.6
	   \-- com_teamresourceful_resourceful-cosmetics-4j 1.0.3
	- dungeons_arise 2.1.60
	- easyanvils 21.1.0
	- easymagic 21.1.0
	- fabric-api 0.115.0+1.21.1
	   |-- fabric-api-base 0.4.42+6573ed8c19
	   |-- fabric-api-lookup-api-v1 1.6.70+b559734419
	   |-- fabric-biome-api-v1 13.0.31+d527f9fd19
	   |-- fabric-block-api-v1 1.0.22+0af3f5a719
	   |-- fabric-block-view-api-v2 1.0.10+6573ed8c19
	   |-- fabric-blockrenderlayer-v1 1.1.52+0af3f5a719
	   |-- fabric-client-tags-api-v1 1.1.15+6573ed8c19
	   |-- fabric-command-api-v1 1.2.49+f71b366f19
	   |-- fabric-command-api-v2 2.2.28+6ced4dd919
	   |-- fabric-commands-v0 0.2.66+df3654b319
	   |-- fabric-content-registries-v0 8.0.18+b559734419
	   |-- fabric-convention-tags-v1 2.1.2+7f945d5b19
	   |-- fabric-convention-tags-v2 2.9.2+e60e56d419
	   |-- fabric-crash-report-info-v1 0.2.29+0af3f5a719
	   |-- fabric-data-attachment-api-v1 1.4.1+9ed317f519
	   |-- fabric-data-generation-api-v1 20.2.25+16c4ae2519
	   |-- fabric-dimensions-v1 4.0.0+6fc22b9919
	   |-- fabric-entity-events-v1 1.7.0+2122d82819
	   |-- fabric-events-interaction-v0 0.7.13+ba9dae0619
	   |-- fabric-game-rule-api-v1 1.0.53+6ced4dd919
	   |-- fabric-item-api-v1 11.1.1+d5debaed19
	   |-- fabric-item-group-api-v1 4.1.6+6823f7cd19
	   |-- fabric-key-binding-api-v1 1.0.47+0af3f5a719
	   |-- fabric-keybindings-v0 0.2.45+df3654b319
	   |-- fabric-lifecycle-events-v1 2.5.0+01d9a51c19
	   |-- fabric-loot-api-v2 3.0.15+3f89f5a519
	   |-- fabric-loot-api-v3 1.0.3+3f89f5a519
	   |-- fabric-message-api-v1 6.0.13+6573ed8c19
	   |-- fabric-model-loading-api-v1 2.0.0+fe474d6b19
	   |-- fabric-networking-api-v1 4.3.0+c7469b2119
	   |-- fabric-object-builder-api-v1 15.2.1+40875a9319
	   |-- fabric-particles-v1 4.0.2+6573ed8c19
	   |-- fabric-recipe-api-v1 5.0.14+248df81c19
	   |-- fabric-registry-sync-v0 5.2.0+34f5d91419
	   |-- fabric-renderer-api-v1 3.4.0+c705a49c19
	   |-- fabric-renderer-indigo 1.7.0+c705a49c19
	   |-- fabric-renderer-registries-v1 3.2.68+df3654b319
	   |-- fabric-rendering-data-attachment-v1 0.3.48+73761d2e19
	   |-- fabric-rendering-fluids-v1 3.1.6+1daea21519
	   |-- fabric-rendering-v0 1.1.71+df3654b319
	   |-- fabric-rendering-v1 5.0.5+df16efd019
	   |-- fabric-resource-conditions-api-v1 4.3.0+8dc279b119
	   |-- fabric-resource-loader-v0 1.3.1+5b5275af19
	   |-- fabric-screen-api-v1 2.0.25+8b68f1c719
	   |-- fabric-screen-handler-api-v1 1.3.88+b559734419
	   |-- fabric-sound-api-v1 1.0.23+6573ed8c19
	   |-- fabric-transfer-api-v1 5.4.2+c24bd99419
	   \-- fabric-transitive-access-wideners-v1 6.2.0+45b9699719
	- fabricloader 0.16.3
	   \-- mixinextras 0.4.1
	- forgeconfigapiport 21.1.3
	   |-- com_electronwill_night-config_core 3.8.0
	   \-- com_electronwill_night-config_toml 3.8.0
	- friendsandfoes 3.0.6
	- frycparry 6.3.1+1.21
	- geckolib 4.7.3
	- incendium 5.4.3
	- inventorymanagement 1.6.0
	- jade 15.9.2+fabric
	- java 21
	- jei 19.21.0.247
	- minecraft 1.21.1
	- placeholder-api 2.4.1+1.21
	- puzzleslib 21.1.27
	- resourcefulconfig 3.0.8
	- resourcefullib 3.0.11
	   |-- com_teamresourceful_bytecodecs 1.1.2
	   \-- com_teamresourceful_yabn 1.0.3
	- skinrestorer 2.2.1+1.21-fabric
	   \-- org_mineskin_java-client 3.0.1-SNAPSHOT
	- trinkets 3.10.0
	   |-- cardinal-components-base 6.1.0
	   \-- cardinal-components-entity 6.1.0
	- xaerominimap 25.0.0
	- xaeroworldmap 1.39.2
[20:50:20] [main/INFO]: SpongePowered MIXIN Subsystem Version=0.8.7 Source=file:/workspaces/maincra/servidor_minecraft/libraries/net/fabricmc/sponge-mixin/0.15.2+mixin.0.8.7/sponge-mixin-0.15.2+mixin.0.8.7.jar Service=Knot/Fabric Env=SERVER
[20:50:20] [main/INFO]: Compatibility level set to JAVA_16
[20:50:20] [main/INFO]: Compatibility level set to JAVA_21
[20:50:20] [main/WARN]: Reference map 'forgeconfigapiport.common.refmap.json' for forgeconfigapiport.common.mixins.json could not be read. If this is a development environment you can ignore this message
[20:50:21] [main/INFO]: Initializing MixinExtras via com.llamalad7.mixinextras.service.MixinExtrasServiceImpl(version=0.4.1).
[20:50:32] [main/INFO]: Registering C2S receiver with id artifacts:double_jump
[20:50:32] [main/INFO]: Registering C2S receiver with id artifacts:update_swimming
[20:50:32] [main/INFO]: Registering C2S receiver with id artifacts:toggle_artifacts
[20:50:32] [main/ERROR]: No data fixer registered for artifacts:mimic
[20:50:32] [main/ERROR]: No data fixer registered for jungle_creeper
[20:50:32] [main/ERROR]: No data fixer registered for bamboo_creeper
[20:50:32] [main/ERROR]: No data fixer registered for desert_creeper
[20:50:32] [main/ERROR]: No data fixer registered for badlands_creeper
[20:50:32] [main/ERROR]: No data fixer registered for hills_creeper
[20:50:32] [main/ERROR]: No data fixer registered for savannah_creeper
[20:50:32] [main/ERROR]: No data fixer registered for mushroom_creeper
[20:50:32] [main/ERROR]: No data fixer registered for swamp_creeper
[20:50:32] [main/ERROR]: No data fixer registered for dripstone_creeper
[20:50:32] [main/ERROR]: No data fixer registered for cave_creeper
[20:50:32] [main/ERROR]: No data fixer registered for dark_oak_creeper
[20:50:32] [main/ERROR]: No data fixer registered for spruce_creeper
[20:50:32] [main/ERROR]: No data fixer registered for beach_creeper
[20:50:32] [main/ERROR]: No data fixer registered for snowy_creeper
[20:50:32] [main/ERROR]: No data fixer registered for ocean_creeper
[20:50:32] [main/ERROR]: No data fixer registered for birch_creeper
[20:50:32] [main/INFO]: Constructing common components for easyanvils:main
[20:50:32] [main/INFO]: Dispatching loading event for config easyanvils-common.toml
[20:50:32] [main/INFO]: Constructing common components for easymagic:main
[20:50:32] [main/INFO]: Dispatching loading event for config easymagic-common.toml
[20:50:32] [main/INFO]: ExpandAbility here, who dis?
[20:50:33] [main/INFO]: Skipping saving inventorymanagement config to file because nothing has changed.
[20:50:33] [main/INFO]: Constructing common components for puzzleslib:main
[20:50:33] [main/INFO]: Loading Xaero's Minimap - Stage 1/2 (Server)
[20:50:33] [main/INFO]: Loading Xaero's World Map - Stage 1/2 (Server)
[20:50:34] [main/INFO]: Environment: Environment[sessionHost=https://sessionserver.mojang.com, servicesHost=https://api.minecraftservices.com, name=PROD]
[20:50:35] [Worker-Main-3/ERROR]: Couldn't parse element minecraft:loot_table/dungeons_arise:chests/shiraz_palace/shiraz_palace_supply - Failed to parse either. First: Unknown registry key in ResourceKey[minecraft:root / minecraft:loot_function_type]: minecraft:set_nbt; Second: Not a json array: {"function":"minecraft:set_nbt","tag":"{Potion:\"minecraft:strong_healing\"}"}; Failed to parse either. First: Unknown registry key in ResourceKey[minecraft:root / minecraft:loot_function_type]: minecraft:set_nbt; Second: Not a json array: {"function":"minecraft:set_nbt","tag":"{Potion:\"minecraft:regeneration\"}"}; Failed to parse either. First: Unknown registry key in ResourceKey[minecraft:root / minecraft:loot_function_type]: minecraft:set_nbt; Second: Not a json array: {"function":"minecraft:set_nbt","tag":"{CustomPotionEffects:[{Id:2b,Amplifier:5b,Duration:1200}],CustomPotionColor:16770928}"}; Failed to parse either. First: Unknown registry key in ResourceKey[minecraft:root / minecraft:loot_function_type]: minecraft:set_nbt; Second: Not a json array: {"function":"minecraft:set_nbt","tag":"{CustomPotionEffects:[{Id:20b,Amplifier:5b,Duration:400}],CustomPotionColor:16770928}"}
[20:50:35] [Worker-Main-3/ERROR]: Couldn't parse element minecraft:loot_table/dungeons_arise:chests/heavenly_challenger/heavenly_challenger_supply - com.google.gson.stream.MalformedJsonException: Use JsonReader.setLenient(true) to accept malformed JSON at line 1 column 12 path $ missed input: {"minecraft:item_name":"Ascension Tonic"}
[20:50:35] [Worker-Main-3/ERROR]: Couldn't parse element minecraft:loot_table/dungeons_arise:chests/mines_treasure_big - Failed to parse either. First: Unknown registry key in ResourceKey[minecraft:root / minecraft:loot_function_type]: minecraft:set_nbt; Second: Not a json array: {"function":"minecraft:set_nbt","tag":"{Enchantments:[{id:\"minecraft:sharpness\",lvl:6s},{id:\"minecraft:looting\",lvl:3s}]}"}
[20:50:35] [Worker-Main-3/ERROR]: Couldn't parse element minecraft:loot_table/dungeons_arise:chests/mines_treasure_medium - Failed to parse either. First: Unknown registry key in ResourceKey[minecraft:root / minecraft:loot_function_type]: minecraft:set_nbt; Second: Not a json array: {"function":"minecraft:set_nbt","tag":"{Enchantments:[{id:\"minecraft:sharpness\",lvl:6s},{id:\"minecraft:looting\",lvl:3s}]}"}
[20:50:36] [Worker-Main-3/ERROR]: Couldn't parse element minecraft:loot_table/dungeons_arise:chests/illager_windmill/illager_windmill_barrels - com.google.gson.stream.MalformedJsonException: Use JsonReader.setLenient(true) to accept malformed JSON at line 1 column 10 path $ missed input: {"minecraft:item_name":"Illager Beer"}
[20:50:37] [main/INFO]: Loaded 1315 recipes
[20:50:37] [main/INFO]: Loaded 1478 advancements
[20:50:38] [main/INFO]: Applied 249 biome modifications to 53 of 72 new biomes in 21.76 ms
[20:50:38] [Server thread/INFO]: Dispatching loading event for config easyanvils-server.toml
[20:50:38] [Server thread/INFO]: Dispatching loading event for config easymagic-server.toml
[20:50:38] [Server thread/INFO]: Starting minecraft server version 1.21.1
[20:50:38] [Server thread/INFO]: Loading properties
[20:50:38] [Server thread/INFO]: Default game type: SURVIVAL
[20:50:38] [Server thread/INFO]: Generating keypair
[20:50:38] [Server thread/INFO]: Starting Minecraft server on *:25565
[20:50:38] [Server thread/INFO]: Using epoll channel type
[20:50:38] [Server thread/WARN]: **** SERVER IS RUNNING IN OFFLINE/INSECURE MODE!
[20:50:38] [Server thread/WARN]: The server will make no attempt to authenticate usernames. Beware.
[20:50:38] [Server thread/WARN]: While this makes the game possible to play without internet access, it also opens up the ability for hackers to connect with any username they choose.
[20:50:38] [Server thread/WARN]: To change this, set "online-mode" to "true" in the server.properties file.
[20:50:38] [Server thread/INFO]: Preparing level "world"
[20:50:43] [Server thread/INFO]: Preparing start region for dimension minecraft:overworld
[20:50:44] [Worker-Main-3/INFO]: Preparing spawn area: 0%
[20:50:44] [Worker-Main-3/INFO]: Preparing spawn area: 0%
[20:50:44] [Server thread/INFO]: Time elapsed: 951 ms
[20:50:44] [Server thread/INFO]: Done (5.783s)! For help, type "help"
[20:50:44] [Server thread/INFO]: Start loading plugin from Jade: snownee.jade.addon.core.CorePlugin
[20:50:44] [Server thread/INFO]: Start loading plugin from Jade: snownee.jade.addon.vanilla.VanillaPlugin
[20:50:44] [Server thread/INFO]: Start loading plugin from Jade: snownee.jade.addon.universal.UniversalPlugin
[20:50:44] [Server thread/INFO]: Start loading plugin from Jade: snownee.jade.addon.access.AccessibilityPlugin
[20:50:44] [Server thread/INFO]: Start loading plugin from Jade: snownee.jade.addon.debug.DebugPlugin
[20:50:44] [Server thread/INFO]: Loading Xaero's Minimap - Stage 2/2 (Server)
[20:50:44] [Server thread/INFO]: Loading Xaero's World Map - Stage 2/2 (Server)
[20:52:02] [Server thread/INFO]: Elpucarlino[/100.119.117.67:52663] logged in with entity id 44 at (1366.034204688117, 70.57773900075223, 235.46506603929598)
[20:52:02] [Server thread/INFO]: Elpucarlino joined the game
[20:52:57] [Server thread/INFO]: [Elpucarlino: Set own game mode to Creative Mode]
[20:54:37] [Server thread/INFO]: [Elpucarlino: Set the time to 1000]
[21:12:19] [Server thread/INFO]: [Elpucarlino: Set the time to 1000]
[21:24:52] [Server thread/INFO]: Villager class_1646['Mason'/164, l='ServerLevel[world]', x=1445.70, y=71.05, z=241.70] died, message: 'Mason was slain by Zombie'
[21:24:57] [Server thread/INFO]: [Elpucarlino: Set the time to 1000]
[21:31:55] [Server thread/INFO]: Villager class_1646['Unemployed'/5354, l='ServerLevel[world]', x=1442.68, y=70.00, z=245.05] died, message: 'Unemployed was slain by Zombie'
[21:33:28] [Server thread/INFO]: Villager class_1646['Unemployed'/5575, l='ServerLevel[world]', x=1438.51, y=69.00, z=241.35] died, message: 'Unemployed was slain by Elpucarlino'
[21:34:51] [Server thread/INFO]: Villager class_1646['Toolsmith'/5587, l='ServerLevel[world]', x=1441.30, y=71.02, z=241.70] died, message: 'Toolsmith was slain by Zombie'
[21:34:59] [Server thread/INFO]: [Elpucarlino: Set the time to 1000]
[21:35:22] [Server thread/INFO]: Villager class_1646['Toolsmith'/5786, l='ServerLevel[world]', x=1441.70, y=70.00, z=241.51] died, message: 'Toolsmith was slain by Zombie'
[21:36:52] [Server thread/INFO]: Villager class_1646['Toolsmith'/5839, l='ServerLevel[world]', x=1440.30, y=71.00, z=243.30] died, message: 'Toolsmith was slain by Zombie'
[21:37:08] [Server thread/INFO]: Villager class_1646['Unemployed'/5828, l='ServerLevel[world]', x=1441.30, y=71.00, z=239.54] died, message: 'Unemployed was slain by Elpucarlino'
[21:37:16] [Server thread/INFO]: Villager class_1646['Unemployed'/5843, l='ServerLevel[world]', x=1442.25, y=73.00, z=245.64] died, message: 'Unemployed was slain by Elpucarlino'
[21:41:47] [Server thread/INFO]: Villager class_1646['Unemployed'/6567, l='ServerLevel[world]', x=1441.70, y=70.00, z=239.48] died, message: 'Unemployed was slain by Zombie'
[21:42:32] [Server thread/INFO]: Villager class_1646['Toolsmith'/6597, l='ServerLevel[world]', x=1441.70, y=70.00, z=243.50] died, message: 'Toolsmith was slain by Zombie'
[21:42:49] [Server thread/INFO]: Villager class_1646['Unemployed'/6598, l='ServerLevel[world]', x=1441.70, y=70.00, z=245.50] died, message: 'Unemployed was slain by Zombie'
[21:43:03] [Server thread/INFO]: Villager class_1646['Toolsmith'/6596, l='ServerLevel[world]', x=1441.70, y=70.00, z=241.50] died, message: 'Toolsmith was slain by Zombie'
[21:43:22] [Server thread/INFO]: Villager class_1646['Toolsmith'/6612, l='ServerLevel[world]', x=1441.70, y=70.00, z=239.50] died, message: 'Toolsmith was slain by Elpucarlino'
[21:45:32] [Server thread/INFO]: [Elpucarlino: Set the time to 1000]
[21:53:25] [Server thread/INFO]: [Elpucarlino: Set own game mode to Survival Mode]
[21:54:36] [Server thread/INFO]: Elpucarlino lost connection: Disconnected
[21:54:36] [Server thread/INFO]: Elpucarlino left the game
